Determining if files fcntl.h;inttypes.h;memory.h;signal.h;stdarg.h;stddef.h;stdint.h;stdlib.h;string.h;errno.h;unistd.h;time.h;sys/types.h;sys/stat.h;sys/time.h;sys/param.h;netdb.h;dlfcn.h;arpa/inet.h;poll.h;port.h exist failed with the following output:
Change Dir: /home/zhongershun/db_impl_course/build/CMakeFiles/CMakeScratch/TryCompile-YzV6N7

Run Build Command(s):/usr/bin/make -f Makefile cmTC_4395f/fast && /usr/bin/make  -f CMakeFiles/cmTC_4395f.dir/build.make CMakeFiles/cmTC_4395f.dir/build
make[1]: Entering directory '/home/zhongershun/db_impl_course/build/CMakeFiles/CMakeScratch/TryCompile-YzV6N7'
Building C object CMakeFiles/cmTC_4395f.dir/EVENT__HAVE_PORT_H.c.o
/usr/bin/cc -D_GNU_SOURCE  -Wall -DCMAKE_EXPORT_COMPILE_COMMANDS=1  -O0 -g -DDEBUG  -Wall -Wextra -Wno-unused-parameter -Wstrict-aliasing -Wstrict-prototypes -fno-strict-aliasing -Wmissing-prototypes -Winit-self -Wmissing-field-initializers -Wdeclaration-after-statement -Waddress -Wnormalized=id -Woverride-init -Wlogical-op -Wwrite-strings  -o CMakeFiles/cmTC_4395f.dir/EVENT__HAVE_PORT_H.c.o -c /home/zhongershun/db_impl_course/build/CMakeFiles/CMakeScratch/TryCompile-YzV6N7/EVENT__HAVE_PORT_H.c
/home/zhongershun/db_impl_course/build/CMakeFiles/CMakeScratch/TryCompile-YzV6N7/EVENT__HAVE_PORT_H.c:22:10: fatal error: port.h: No such file or directory
 #include <port.h>
          ^~~~~~~~
compilation terminated.
CMakeFiles/cmTC_4395f.dir/build.make:77: recipe for target 'CMakeFiles/cmTC_4395f.dir/EVENT__HAVE_PORT_H.c.o' failed
make[1]: *** [CMakeFiles/cmTC_4395f.dir/EVENT__HAVE_PORT_H.c.o] Error 1
make[1]: Leaving directory '/home/zhongershun/db_impl_course/build/CMakeFiles/CMakeScratch/TryCompile-YzV6N7'
Makefile:127: recipe for target 'cmTC_4395f/fast' failed
make: *** [cmTC_4395f/fast] Error 2


Source:
/* */
#include <fcntl.h>
#include <inttypes.h>
#include <memory.h>
#include <signal.h>
#include <stdarg.h>
#include <stddef.h>
#include <stdint.h>
#include <stdlib.h>
#include <string.h>
#include <errno.h>
#include <unistd.h>
#include <time.h>
#include <sys/types.h>
#include <sys/stat.h>
#include <sys/time.h>
#include <sys/param.h>
#include <netdb.h>
#include <dlfcn.h>
#include <arpa/inet.h>
#include <poll.h>
#include <port.h>


int main(void){return 0;}

Determining if files fcntl.h;inttypes.h;memory.h;signal.h;stdarg.h;stddef.h;stdint.h;stdlib.h;string.h;errno.h;unistd.h;time.h;sys/types.h;sys/stat.h;sys/time.h;sys/param.h;netdb.h;dlfcn.h;arpa/inet.h;poll.h;sys/socket.h;sys/random.h;sys/un.h;sys/devpoll.h exist failed with the following output:
Change Dir: /home/zhongershun/db_impl_course/build/CMakeFiles/CMakeScratch/TryCompile-h4JbMN

Run Build Command(s):/usr/bin/make -f Makefile cmTC_f7fbb/fast && /usr/bin/make  -f CMakeFiles/cmTC_f7fbb.dir/build.make CMakeFiles/cmTC_f7fbb.dir/build
make[1]: Entering directory '/home/zhongershun/db_impl_course/build/CMakeFiles/CMakeScratch/TryCompile-h4JbMN'
Building C object CMakeFiles/cmTC_f7fbb.dir/EVENT__HAVE_SYS_DEVPOLL_H.c.o
/usr/bin/cc -D_GNU_SOURCE  -Wall -DCMAKE_EXPORT_COMPILE_COMMANDS=1  -O0 -g -DDEBUG  -Wall -Wextra -Wno-unused-parameter -Wstrict-aliasing -Wstrict-prototypes -fno-strict-aliasing -Wmissing-prototypes -Winit-self -Wmissing-field-initializers -Wdeclaration-after-statement -Waddress -Wnormalized=id -Woverride-init -Wlogical-op -Wwrite-strings  -o CMakeFiles/cmTC_f7fbb.dir/EVENT__HAVE_SYS_DEVPOLL_H.c.o -c /home/zhongershun/db_impl_course/build/CMakeFiles/CMakeScratch/TryCompile-h4JbMN/EVENT__HAVE_SYS_DEVPOLL_H.c
/home/zhongershun/db_impl_course/build/CMakeFiles/CMakeScratch/TryCompile-h4JbMN/EVENT__HAVE_SYS_DEVPOLL_H.c:25:10: fatal error: sys/devpoll.h: No such file or directory
 #include <sys/devpoll.h>
          ^~~~~~~~~~~~~~~
compilation terminated.
CMakeFiles/cmTC_f7fbb.dir/build.make:77: recipe for target 'CMakeFiles/cmTC_f7fbb.dir/EVENT__HAVE_SYS_DEVPOLL_H.c.o' failed
make[1]: *** [CMakeFiles/cmTC_f7fbb.dir/EVENT__HAVE_SYS_DEVPOLL_H.c.o] Error 1
make[1]: Leaving directory '/home/zhongershun/db_impl_course/build/CMakeFiles/CMakeScratch/TryCompile-h4JbMN'
Makefile:127: recipe for target 'cmTC_f7fbb/fast' failed
make: *** [cmTC_f7fbb/fast] Error 2


Source:
/* */
#include <fcntl.h>
#include <inttypes.h>
#include <memory.h>
#include <signal.h>
#include <stdarg.h>
#include <stddef.h>
#include <stdint.h>
#include <stdlib.h>
#include <string.h>
#include <errno.h>
#include <unistd.h>
#include <time.h>
#include <sys/types.h>
#include <sys/stat.h>
#include <sys/time.h>
#include <sys/param.h>
#include <netdb.h>
#include <dlfcn.h>
#include <arpa/inet.h>
#include <poll.h>
#include <sys/socket.h>
#include <sys/random.h>
#include <sys/un.h>
#include <sys/devpoll.h>


int main(void){return 0;}

Determining if files fcntl.h;inttypes.h;memory.h;signal.h;stdarg.h;stddef.h;stdint.h;stdlib.h;string.h;errno.h;unistd.h;time.h;sys/types.h;sys/stat.h;sys/time.h;sys/param.h;netdb.h;dlfcn.h;arpa/inet.h;poll.h;sys/socket.h;sys/random.h;sys/un.h;sys/epoll.h;sys/eventfd.h;sys/event.h exist failed with the following output:
Change Dir: /home/zhongershun/db_impl_course/build/CMakeFiles/CMakeScratch/TryCompile-RzUsbE

Run Build Command(s):/usr/bin/make -f Makefile cmTC_6e7bf/fast && /usr/bin/make  -f CMakeFiles/cmTC_6e7bf.dir/build.make CMakeFiles/cmTC_6e7bf.dir/build
make[1]: Entering directory '/home/zhongershun/db_impl_course/build/CMakeFiles/CMakeScratch/TryCompile-RzUsbE'
Building C object CMakeFiles/cmTC_6e7bf.dir/EVENT__HAVE_SYS_EVENT_H.c.o
/usr/bin/cc -D_GNU_SOURCE  -Wall -DCMAKE_EXPORT_COMPILE_COMMANDS=1  -O0 -g -DDEBUG  -Wall -Wextra -Wno-unused-parameter -Wstrict-aliasing -Wstrict-prototypes -fno-strict-aliasing -Wmissing-prototypes -Winit-self -Wmissing-field-initializers -Wdeclaration-after-statement -Waddress -Wnormalized=id -Woverride-init -Wlogical-op -Wwrite-strings  -o CMakeFiles/cmTC_6e7bf.dir/EVENT__HAVE_SYS_EVENT_H.c.o -c /home/zhongershun/db_impl_course/build/CMakeFiles/CMakeScratch/TryCompile-RzUsbE/EVENT__HAVE_SYS_EVENT_H.c
/home/zhongershun/db_impl_course/build/CMakeFiles/CMakeScratch/TryCompile-RzUsbE/EVENT__HAVE_SYS_EVENT_H.c:27:10: fatal error: sys/event.h: No such file or directory
 #include <sys/event.h>
          ^~~~~~~~~~~~~
compilation terminated.
CMakeFiles/cmTC_6e7bf.dir/build.make:77: recipe for target 'CMakeFiles/cmTC_6e7bf.dir/EVENT__HAVE_SYS_EVENT_H.c.o' failed
make[1]: *** [CMakeFiles/cmTC_6e7bf.dir/EVENT__HAVE_SYS_EVENT_H.c.o] Error 1
make[1]: Leaving directory '/home/zhongershun/db_impl_course/build/CMakeFiles/CMakeScratch/TryCompile-RzUsbE'
Makefile:127: recipe for target 'cmTC_6e7bf/fast' failed
make: *** [cmTC_6e7bf/fast] Error 2


Source:
/* */
#include <fcntl.h>
#include <inttypes.h>
#include <memory.h>
#include <signal.h>
#include <stdarg.h>
#include <stddef.h>
#include <stdint.h>
#include <stdlib.h>
#include <string.h>
#include <errno.h>
#include <unistd.h>
#include <time.h>
#include <sys/types.h>
#include <sys/stat.h>
#include <sys/time.h>
#include <sys/param.h>
#include <netdb.h>
#include <dlfcn.h>
#include <arpa/inet.h>
#include <poll.h>
#include <sys/socket.h>
#include <sys/random.h>
#include <sys/un.h>
#include <sys/epoll.h>
#include <sys/eventfd.h>
#include <sys/event.h>


int main(void){return 0;}

Determining if files fcntl.h;inttypes.h;memory.h;signal.h;stdarg.h;stddef.h;stdint.h;stdlib.h;string.h;errno.h;unistd.h;time.h;sys/types.h;sys/stat.h;sys/time.h;sys/param.h;netdb.h;dlfcn.h;arpa/inet.h;poll.h;sys/socket.h;sys/random.h;sys/un.h;sys/epoll.h;sys/eventfd.h;sys/ioctl.h;sys/mman.h;sys/queue.h;sys/select.h;sys/sendfile.h;sys/uio.h;sys/wait.h;sys/resource.h;sys/timerfd.h;netinet/in.h;netinet/in6.h exist failed with the following output:
Change Dir: /home/zhongershun/db_impl_course/build/CMakeFiles/CMakeScratch/TryCompile-Q5gGSq

Run Build Command(s):/usr/bin/make -f Makefile cmTC_bcb6d/fast && /usr/bin/make  -f CMakeFiles/cmTC_bcb6d.dir/build.make CMakeFiles/cmTC_bcb6d.dir/build
make[1]: Entering directory '/home/zhongershun/db_impl_course/build/CMakeFiles/CMakeScratch/TryCompile-Q5gGSq'
Building C object CMakeFiles/cmTC_bcb6d.dir/EVENT__HAVE_NETINET_IN6_H.c.o
/usr/bin/cc -D_GNU_SOURCE  -Wall -DCMAKE_EXPORT_COMPILE_COMMANDS=1  -O0 -g -DDEBUG  -Wall -Wextra -Wno-unused-parameter -Wstrict-aliasing -Wstrict-prototypes -fno-strict-aliasing -Wmissing-prototypes -Winit-self -Wmissing-field-initializers -Wdeclaration-after-statement -Waddress -Wnormalized=id -Woverride-init -Wlogical-op -Wwrite-strings  -o CMakeFiles/cmTC_bcb6d.dir/EVENT__HAVE_NETINET_IN6_H.c.o -c /home/zhongershun/db_impl_course/build/CMakeFiles/CMakeScratch/TryCompile-Q5gGSq/EVENT__HAVE_NETINET_IN6_H.c
/home/zhongershun/db_impl_course/build/CMakeFiles/CMakeScratch/TryCompile-Q5gGSq/EVENT__HAVE_NETINET_IN6_H.c:37:10: fatal error: netinet/in6.h: No such file or directory
 #include <netinet/in6.h>
          ^~~~~~~~~~~~~~~
compilation terminated.
CMakeFiles/cmTC_bcb6d.dir/build.make:77: recipe for target 'CMakeFiles/cmTC_bcb6d.dir/EVENT__HAVE_NETINET_IN6_H.c.o' failed
make[1]: *** [CMakeFiles/cmTC_bcb6d.dir/EVENT__HAVE_NETINET_IN6_H.c.o] Error 1
make[1]: Leaving directory '/home/zhongershun/db_impl_course/build/CMakeFiles/CMakeScratch/TryCompile-Q5gGSq'
Makefile:127: recipe for target 'cmTC_bcb6d/fast' failed
make: *** [cmTC_bcb6d/fast] Error 2


Source:
/* */
#include <fcntl.h>
#include <inttypes.h>
#include <memory.h>
#include <signal.h>
#include <stdarg.h>
#include <stddef.h>
#include <stdint.h>
#include <stdlib.h>
#include <string.h>
#include <errno.h>
#include <unistd.h>
#include <time.h>
#include <sys/types.h>
#include <sys/stat.h>
#include <sys/time.h>
#include <sys/param.h>
#include <netdb.h>
#include <dlfcn.h>
#include <arpa/inet.h>
#include <poll.h>
#include <sys/socket.h>
#include <sys/random.h>
#include <sys/un.h>
#include <sys/epoll.h>
#include <sys/eventfd.h>
#include <sys/ioctl.h>
#include <sys/mman.h>
#include <sys/queue.h>
#include <sys/select.h>
#include <sys/sendfile.h>
#include <sys/uio.h>
#include <sys/wait.h>
#include <sys/resource.h>
#include <sys/timerfd.h>
#include <netinet/in.h>
#include <netinet/in6.h>


int main(void){return 0;}

Determining if the strlcpy exist failed with the following output:
Change Dir: /home/zhongershun/db_impl_course/build/CMakeFiles/CMakeScratch/TryCompile-605lgk

Run Build Command(s):/usr/bin/make -f Makefile cmTC_eae73/fast && /usr/bin/make  -f CMakeFiles/cmTC_eae73.dir/build.make CMakeFiles/cmTC_eae73.dir/build
make[1]: Entering directory '/home/zhongershun/db_impl_course/build/CMakeFiles/CMakeScratch/TryCompile-605lgk'
Building C object CMakeFiles/cmTC_eae73.dir/CheckSymbolExists.c.o
/usr/bin/cc -D_GNU_SOURCE  -Wall -DCMAKE_EXPORT_COMPILE_COMMANDS=1  -O0 -g -DDEBUG  -Wall -Wextra -Wno-unused-parameter -Wstrict-aliasing -Wstrict-prototypes -fno-strict-aliasing -Wmissing-prototypes -Winit-self -Wmissing-field-initializers -Wdeclaration-after-statement -Waddress -Wnormalized=id -Woverride-init -Wlogical-op -Wwrite-strings  -o CMakeFiles/cmTC_eae73.dir/CheckSymbolExists.c.o -c /home/zhongershun/db_impl_course/build/CMakeFiles/CMakeScratch/TryCompile-605lgk/CheckSymbolExists.c
/home/zhongershun/db_impl_course/build/CMakeFiles/CMakeScratch/TryCompile-605lgk/CheckSymbolExists.c: In function ‘main’:
/home/zhongershun/db_impl_course/build/CMakeFiles/CMakeScratch/TryCompile-605lgk/CheckSymbolExists.c:45:19: error: ‘strlcpy’ undeclared (first use in this function); did you mean ‘strncpy’?
   return ((int*)(&strlcpy))[argc];
                   ^~~~~~~
                   strncpy
/home/zhongershun/db_impl_course/build/CMakeFiles/CMakeScratch/TryCompile-605lgk/CheckSymbolExists.c:45:19: note: each undeclared identifier is reported only once for each function it appears in
/home/zhongershun/db_impl_course/build/CMakeFiles/CMakeScratch/TryCompile-605lgk/CheckSymbolExists.c:41:14: warning: parameter ‘argc’ set but not used [-Wunused-but-set-parameter]
 int main(int argc, char** argv)
              ^~~~
CMakeFiles/cmTC_eae73.dir/build.make:77: recipe for target 'CMakeFiles/cmTC_eae73.dir/CheckSymbolExists.c.o' failed
make[1]: *** [CMakeFiles/cmTC_eae73.dir/CheckSymbolExists.c.o] Error 1
make[1]: Leaving directory '/home/zhongershun/db_impl_course/build/CMakeFiles/CMakeScratch/TryCompile-605lgk'
Makefile:127: recipe for target 'cmTC_eae73/fast' failed
make: *** [cmTC_eae73/fast] Error 2


File CheckSymbolExists.c:
/* */
#include <fcntl.h>
#include <inttypes.h>
#include <memory.h>
#include <signal.h>
#include <stdarg.h>
#include <stddef.h>
#include <stdint.h>
#include <stdlib.h>
#include <string.h>
#include <errno.h>
#include <unistd.h>
#include <time.h>
#include <sys/types.h>
#include <sys/stat.h>
#include <sys/time.h>
#include <sys/param.h>
#include <netdb.h>
#include <dlfcn.h>
#include <arpa/inet.h>
#include <poll.h>
#include <sys/socket.h>
#include <sys/random.h>
#include <sys/un.h>
#include <sys/epoll.h>
#include <sys/eventfd.h>
#include <sys/ioctl.h>
#include <sys/mman.h>
#include <sys/queue.h>
#include <sys/select.h>
#include <sys/sendfile.h>
#include <sys/uio.h>
#include <sys/wait.h>
#include <sys/resource.h>
#include <sys/timerfd.h>
#include <netinet/in.h>
#include <netinet/tcp.h>
#include <ifaddrs.h>
#include <stdio.h>

int main(int argc, char** argv)
{
  (void)argv;
#ifndef strlcpy
  return ((int*)(&strlcpy))[argc];
#else
  (void)argc;
  return 0;
#endif
}

Determining if the port_create exist failed with the following output:
Change Dir: /home/zhongershun/db_impl_course/build/CMakeFiles/CMakeScratch/TryCompile-a5uh6m

Run Build Command(s):/usr/bin/make -f Makefile cmTC_d740e/fast && /usr/bin/make  -f CMakeFiles/cmTC_d740e.dir/build.make CMakeFiles/cmTC_d740e.dir/build
make[1]: Entering directory '/home/zhongershun/db_impl_course/build/CMakeFiles/CMakeScratch/TryCompile-a5uh6m'
Building C object CMakeFiles/cmTC_d740e.dir/CheckSymbolExists.c.o
/usr/bin/cc -D_GNU_SOURCE  -Wall -DCMAKE_EXPORT_COMPILE_COMMANDS=1  -O0 -g -DDEBUG  -Wall -Wextra -Wno-unused-parameter -Wstrict-aliasing -Wstrict-prototypes -fno-strict-aliasing -Wmissing-prototypes -Winit-self -Wmissing-field-initializers -Wdeclaration-after-statement -Waddress -Wnormalized=id -Woverride-init -Wlogical-op -Wwrite-strings  -o CMakeFiles/cmTC_d740e.dir/CheckSymbolExists.c.o -c /home/zhongershun/db_impl_course/build/CMakeFiles/CMakeScratch/TryCompile-a5uh6m/CheckSymbolExists.c
/home/zhongershun/db_impl_course/build/CMakeFiles/CMakeScratch/TryCompile-a5uh6m/CheckSymbolExists.c: In function ‘main’:
/home/zhongershun/db_impl_course/build/CMakeFiles/CMakeScratch/TryCompile-a5uh6m/CheckSymbolExists.c:45:19: error: ‘port_create’ undeclared (first use in this function); did you mean ‘epoll_create’?
   return ((int*)(&port_create))[argc];
                   ^~~~~~~~~~~
                   epoll_create
/home/zhongershun/db_impl_course/build/CMakeFiles/CMakeScratch/TryCompile-a5uh6m/CheckSymbolExists.c:45:19: note: each undeclared identifier is reported only once for each function it appears in
/home/zhongershun/db_impl_course/build/CMakeFiles/CMakeScratch/TryCompile-a5uh6m/CheckSymbolExists.c:41:14: warning: parameter ‘argc’ set but not used [-Wunused-but-set-parameter]
 int main(int argc, char** argv)
              ^~~~
CMakeFiles/cmTC_d740e.dir/build.make:77: recipe for target 'CMakeFiles/cmTC_d740e.dir/CheckSymbolExists.c.o' failed
make[1]: *** [CMakeFiles/cmTC_d740e.dir/CheckSymbolExists.c.o] Error 1
make[1]: Leaving directory '/home/zhongershun/db_impl_course/build/CMakeFiles/CMakeScratch/TryCompile-a5uh6m'
Makefile:127: recipe for target 'cmTC_d740e/fast' failed
make: *** [cmTC_d740e/fast] Error 2


File CheckSymbolExists.c:
/* */
#include <fcntl.h>
#include <inttypes.h>
#include <memory.h>
#include <signal.h>
#include <stdarg.h>
#include <stddef.h>
#include <stdint.h>
#include <stdlib.h>
#include <string.h>
#include <errno.h>
#include <unistd.h>
#include <time.h>
#include <sys/types.h>
#include <sys/stat.h>
#include <sys/time.h>
#include <sys/param.h>
#include <netdb.h>
#include <dlfcn.h>
#include <arpa/inet.h>
#include <poll.h>
#include <sys/socket.h>
#include <sys/random.h>
#include <sys/un.h>
#include <sys/epoll.h>
#include <sys/eventfd.h>
#include <sys/ioctl.h>
#include <sys/mman.h>
#include <sys/queue.h>
#include <sys/select.h>
#include <sys/sendfile.h>
#include <sys/uio.h>
#include <sys/wait.h>
#include <sys/resource.h>
#include <sys/timerfd.h>
#include <netinet/in.h>
#include <netinet/tcp.h>
#include <ifaddrs.h>
#include <stdio.h>

int main(int argc, char** argv)
{
  (void)argv;
#ifndef port_create
  return ((int*)(&port_create))[argc];
#else
  (void)argc;
  return 0;
#endif
}

Determining if the kqueue exist failed with the following output:
Change Dir: /home/zhongershun/db_impl_course/build/CMakeFiles/CMakeScratch/TryCompile-iOHyR2

Run Build Command(s):/usr/bin/make -f Makefile cmTC_58995/fast && /usr/bin/make  -f CMakeFiles/cmTC_58995.dir/build.make CMakeFiles/cmTC_58995.dir/build
make[1]: Entering directory '/home/zhongershun/db_impl_course/build/CMakeFiles/CMakeScratch/TryCompile-iOHyR2'
Building C object CMakeFiles/cmTC_58995.dir/CheckSymbolExists.c.o
/usr/bin/cc -D_GNU_SOURCE  -Wall -DCMAKE_EXPORT_COMPILE_COMMANDS=1  -O0 -g -DDEBUG  -Wall -Wextra -Wno-unused-parameter -Wstrict-aliasing -Wstrict-prototypes -fno-strict-aliasing -Wmissing-prototypes -Winit-self -Wmissing-field-initializers -Wdeclaration-after-statement -Waddress -Wnormalized=id -Woverride-init -Wlogical-op -Wwrite-strings  -o CMakeFiles/cmTC_58995.dir/CheckSymbolExists.c.o -c /home/zhongershun/db_impl_course/build/CMakeFiles/CMakeScratch/TryCompile-iOHyR2/CheckSymbolExists.c
/home/zhongershun/db_impl_course/build/CMakeFiles/CMakeScratch/TryCompile-iOHyR2/CheckSymbolExists.c: In function ‘main’:
/home/zhongershun/db_impl_course/build/CMakeFiles/CMakeScratch/TryCompile-iOHyR2/CheckSymbolExists.c:45:19: error: ‘kqueue’ undeclared (first use in this function); did you mean ‘sigqueue’?
   return ((int*)(&kqueue))[argc];
                   ^~~~~~
                   sigqueue
/home/zhongershun/db_impl_course/build/CMakeFiles/CMakeScratch/TryCompile-iOHyR2/CheckSymbolExists.c:45:19: note: each undeclared identifier is reported only once for each function it appears in
/home/zhongershun/db_impl_course/build/CMakeFiles/CMakeScratch/TryCompile-iOHyR2/CheckSymbolExists.c:41:14: warning: parameter ‘argc’ set but not used [-Wunused-but-set-parameter]
 int main(int argc, char** argv)
              ^~~~
CMakeFiles/cmTC_58995.dir/build.make:77: recipe for target 'CMakeFiles/cmTC_58995.dir/CheckSymbolExists.c.o' failed
make[1]: *** [CMakeFiles/cmTC_58995.dir/CheckSymbolExists.c.o] Error 1
make[1]: Leaving directory '/home/zhongershun/db_impl_course/build/CMakeFiles/CMakeScratch/TryCompile-iOHyR2'
Makefile:127: recipe for target 'cmTC_58995/fast' failed
make: *** [cmTC_58995/fast] Error 2


File CheckSymbolExists.c:
/* */
#include <fcntl.h>
#include <inttypes.h>
#include <memory.h>
#include <signal.h>
#include <stdarg.h>
#include <stddef.h>
#include <stdint.h>
#include <stdlib.h>
#include <string.h>
#include <errno.h>
#include <unistd.h>
#include <time.h>
#include <sys/types.h>
#include <sys/stat.h>
#include <sys/time.h>
#include <sys/param.h>
#include <netdb.h>
#include <dlfcn.h>
#include <arpa/inet.h>
#include <poll.h>
#include <sys/socket.h>
#include <sys/random.h>
#include <sys/un.h>
#include <sys/epoll.h>
#include <sys/eventfd.h>
#include <sys/ioctl.h>
#include <sys/mman.h>
#include <sys/queue.h>
#include <sys/select.h>
#include <sys/sendfile.h>
#include <sys/uio.h>
#include <sys/wait.h>
#include <sys/resource.h>
#include <sys/timerfd.h>
#include <netinet/in.h>
#include <netinet/tcp.h>
#include <ifaddrs.h>
#include <stdio.h>

int main(int argc, char** argv)
{
  (void)argv;
#ifndef kqueue
  return ((int*)(&kqueue))[argc];
#else
  (void)argc;
  return 0;
#endif
}

Determining if the sysctl exist failed with the following output:
Change Dir: /home/zhongershun/db_impl_course/build/CMakeFiles/CMakeScratch/TryCompile-sXPAuU

Run Build Command(s):/usr/bin/make -f Makefile cmTC_cd019/fast && /usr/bin/make  -f CMakeFiles/cmTC_cd019.dir/build.make CMakeFiles/cmTC_cd019.dir/build
make[1]: Entering directory '/home/zhongershun/db_impl_course/build/CMakeFiles/CMakeScratch/TryCompile-sXPAuU'
Building C object CMakeFiles/cmTC_cd019.dir/CheckSymbolExists.c.o
/usr/bin/cc -D_GNU_SOURCE  -Wall -DCMAKE_EXPORT_COMPILE_COMMANDS=1  -O0 -g -DDEBUG  -Wall -Wextra -Wno-unused-parameter -Wstrict-aliasing -Wstrict-prototypes -fno-strict-aliasing -Wmissing-prototypes -Winit-self -Wmissing-field-initializers -Wdeclaration-after-statement -Waddress -Wnormalized=id -Woverride-init -Wlogical-op -Wwrite-strings  -o CMakeFiles/cmTC_cd019.dir/CheckSymbolExists.c.o -c /home/zhongershun/db_impl_course/build/CMakeFiles/CMakeScratch/TryCompile-sXPAuU/CheckSymbolExists.c
/home/zhongershun/db_impl_course/build/CMakeFiles/CMakeScratch/TryCompile-sXPAuU/CheckSymbolExists.c: In function ‘main’:
/home/zhongershun/db_impl_course/build/CMakeFiles/CMakeScratch/TryCompile-sXPAuU/CheckSymbolExists.c:45:19: error: ‘sysctl’ undeclared (first use in this function); did you mean ‘syscall’?
   return ((int*)(&sysctl))[argc];
                   ^~~~~~
                   syscall
/home/zhongershun/db_impl_course/build/CMakeFiles/CMakeScratch/TryCompile-sXPAuU/CheckSymbolExists.c:45:19: note: each undeclared identifier is reported only once for each function it appears in
/home/zhongershun/db_impl_course/build/CMakeFiles/CMakeScratch/TryCompile-sXPAuU/CheckSymbolExists.c:41:14: warning: parameter ‘argc’ set but not used [-Wunused-but-set-parameter]
 int main(int argc, char** argv)
              ^~~~
CMakeFiles/cmTC_cd019.dir/build.make:77: recipe for target 'CMakeFiles/cmTC_cd019.dir/CheckSymbolExists.c.o' failed
make[1]: *** [CMakeFiles/cmTC_cd019.dir/CheckSymbolExists.c.o] Error 1
make[1]: Leaving directory '/home/zhongershun/db_impl_course/build/CMakeFiles/CMakeScratch/TryCompile-sXPAuU'
Makefile:127: recipe for target 'cmTC_cd019/fast' failed
make: *** [cmTC_cd019/fast] Error 2


File CheckSymbolExists.c:
/* */
#include <fcntl.h>
#include <inttypes.h>
#include <memory.h>
#include <signal.h>
#include <stdarg.h>
#include <stddef.h>
#include <stdint.h>
#include <stdlib.h>
#include <string.h>
#include <errno.h>
#include <unistd.h>
#include <time.h>
#include <sys/types.h>
#include <sys/stat.h>
#include <sys/time.h>
#include <sys/param.h>
#include <netdb.h>
#include <dlfcn.h>
#include <arpa/inet.h>
#include <poll.h>
#include <sys/socket.h>
#include <sys/random.h>
#include <sys/un.h>
#include <sys/epoll.h>
#include <sys/eventfd.h>
#include <sys/ioctl.h>
#include <sys/mman.h>
#include <sys/queue.h>
#include <sys/select.h>
#include <sys/sendfile.h>
#include <sys/uio.h>
#include <sys/wait.h>
#include <sys/resource.h>
#include <sys/timerfd.h>
#include <netinet/in.h>
#include <netinet/tcp.h>
#include <ifaddrs.h>
#include <stdio.h>

int main(int argc, char** argv)
{
  (void)argv;
#ifndef sysctl
  return ((int*)(&sysctl))[argc];
#else
  (void)argc;
  return 0;
#endif
}

Determining if the arc4random exist failed with the following output:
Change Dir: /home/zhongershun/db_impl_course/build/CMakeFiles/CMakeScratch/TryCompile-htAnlv

Run Build Command(s):/usr/bin/make -f Makefile cmTC_8e92c/fast && /usr/bin/make  -f CMakeFiles/cmTC_8e92c.dir/build.make CMakeFiles/cmTC_8e92c.dir/build
make[1]: Entering directory '/home/zhongershun/db_impl_course/build/CMakeFiles/CMakeScratch/TryCompile-htAnlv'
Building C object CMakeFiles/cmTC_8e92c.dir/CheckSymbolExists.c.o
/usr/bin/cc -D_GNU_SOURCE  -Wall -DCMAKE_EXPORT_COMPILE_COMMANDS=1  -O0 -g -DDEBUG  -Wall -Wextra -Wno-unused-parameter -Wstrict-aliasing -Wstrict-prototypes -fno-strict-aliasing -Wmissing-prototypes -Winit-self -Wmissing-field-initializers -Wdeclaration-after-statement -Waddress -Wnormalized=id -Woverride-init -Wlogical-op -Wwrite-strings  -o CMakeFiles/cmTC_8e92c.dir/CheckSymbolExists.c.o -c /home/zhongershun/db_impl_course/build/CMakeFiles/CMakeScratch/TryCompile-htAnlv/CheckSymbolExists.c
/home/zhongershun/db_impl_course/build/CMakeFiles/CMakeScratch/TryCompile-htAnlv/CheckSymbolExists.c: In function ‘main’:
/home/zhongershun/db_impl_course/build/CMakeFiles/CMakeScratch/TryCompile-htAnlv/CheckSymbolExists.c:45:19: error: ‘arc4random’ undeclared (first use in this function); did you mean ‘getrandom’?
   return ((int*)(&arc4random))[argc];
                   ^~~~~~~~~~
                   getrandom
/home/zhongershun/db_impl_course/build/CMakeFiles/CMakeScratch/TryCompile-htAnlv/CheckSymbolExists.c:45:19: note: each undeclared identifier is reported only once for each function it appears in
/home/zhongershun/db_impl_course/build/CMakeFiles/CMakeScratch/TryCompile-htAnlv/CheckSymbolExists.c:41:14: warning: parameter ‘argc’ set but not used [-Wunused-but-set-parameter]
 int main(int argc, char** argv)
              ^~~~
CMakeFiles/cmTC_8e92c.dir/build.make:77: recipe for target 'CMakeFiles/cmTC_8e92c.dir/CheckSymbolExists.c.o' failed
make[1]: *** [CMakeFiles/cmTC_8e92c.dir/CheckSymbolExists.c.o] Error 1
make[1]: Leaving directory '/home/zhongershun/db_impl_course/build/CMakeFiles/CMakeScratch/TryCompile-htAnlv'
Makefile:127: recipe for target 'cmTC_8e92c/fast' failed
make: *** [cmTC_8e92c/fast] Error 2


File CheckSymbolExists.c:
/* */
#include <fcntl.h>
#include <inttypes.h>
#include <memory.h>
#include <signal.h>
#include <stdarg.h>
#include <stddef.h>
#include <stdint.h>
#include <stdlib.h>
#include <string.h>
#include <errno.h>
#include <unistd.h>
#include <time.h>
#include <sys/types.h>
#include <sys/stat.h>
#include <sys/time.h>
#include <sys/param.h>
#include <netdb.h>
#include <dlfcn.h>
#include <arpa/inet.h>
#include <poll.h>
#include <sys/socket.h>
#include <sys/random.h>
#include <sys/un.h>
#include <sys/epoll.h>
#include <sys/eventfd.h>
#include <sys/ioctl.h>
#include <sys/mman.h>
#include <sys/queue.h>
#include <sys/select.h>
#include <sys/sendfile.h>
#include <sys/uio.h>
#include <sys/wait.h>
#include <sys/resource.h>
#include <sys/timerfd.h>
#include <netinet/in.h>
#include <netinet/tcp.h>
#include <ifaddrs.h>
#include <stdio.h>

int main(int argc, char** argv)
{
  (void)argv;
#ifndef arc4random
  return ((int*)(&arc4random))[argc];
#else
  (void)argc;
  return 0;
#endif
}

Determining if the arc4random_buf exist failed with the following output:
Change Dir: /home/zhongershun/db_impl_course/build/CMakeFiles/CMakeScratch/TryCompile-B8c5kj

Run Build Command(s):/usr/bin/make -f Makefile cmTC_f621d/fast && /usr/bin/make  -f CMakeFiles/cmTC_f621d.dir/build.make CMakeFiles/cmTC_f621d.dir/build
make[1]: Entering directory '/home/zhongershun/db_impl_course/build/CMakeFiles/CMakeScratch/TryCompile-B8c5kj'
Building C object CMakeFiles/cmTC_f621d.dir/CheckSymbolExists.c.o
/usr/bin/cc -D_GNU_SOURCE  -Wall -DCMAKE_EXPORT_COMPILE_COMMANDS=1  -O0 -g -DDEBUG  -Wall -Wextra -Wno-unused-parameter -Wstrict-aliasing -Wstrict-prototypes -fno-strict-aliasing -Wmissing-prototypes -Winit-self -Wmissing-field-initializers -Wdeclaration-after-statement -Waddress -Wnormalized=id -Woverride-init -Wlogical-op -Wwrite-strings  -o CMakeFiles/cmTC_f621d.dir/CheckSymbolExists.c.o -c /home/zhongershun/db_impl_course/build/CMakeFiles/CMakeScratch/TryCompile-B8c5kj/CheckSymbolExists.c
/home/zhongershun/db_impl_course/build/CMakeFiles/CMakeScratch/TryCompile-B8c5kj/CheckSymbolExists.c: In function ‘main’:
/home/zhongershun/db_impl_course/build/CMakeFiles/CMakeScratch/TryCompile-B8c5kj/CheckSymbolExists.c:45:19: error: ‘arc4random_buf’ undeclared (first use in this function); did you mean ‘srandom_r’?
   return ((int*)(&arc4random_buf))[argc];
                   ^~~~~~~~~~~~~~
                   srandom_r
/home/zhongershun/db_impl_course/build/CMakeFiles/CMakeScratch/TryCompile-B8c5kj/CheckSymbolExists.c:45:19: note: each undeclared identifier is reported only once for each function it appears in
/home/zhongershun/db_impl_course/build/CMakeFiles/CMakeScratch/TryCompile-B8c5kj/CheckSymbolExists.c:41:14: warning: parameter ‘argc’ set but not used [-Wunused-but-set-parameter]
 int main(int argc, char** argv)
              ^~~~
CMakeFiles/cmTC_f621d.dir/build.make:77: recipe for target 'CMakeFiles/cmTC_f621d.dir/CheckSymbolExists.c.o' failed
make[1]: *** [CMakeFiles/cmTC_f621d.dir/CheckSymbolExists.c.o] Error 1
make[1]: Leaving directory '/home/zhongershun/db_impl_course/build/CMakeFiles/CMakeScratch/TryCompile-B8c5kj'
Makefile:127: recipe for target 'cmTC_f621d/fast' failed
make: *** [cmTC_f621d/fast] Error 2


File CheckSymbolExists.c:
/* */
#include <fcntl.h>
#include <inttypes.h>
#include <memory.h>
#include <signal.h>
#include <stdarg.h>
#include <stddef.h>
#include <stdint.h>
#include <stdlib.h>
#include <string.h>
#include <errno.h>
#include <unistd.h>
#include <time.h>
#include <sys/types.h>
#include <sys/stat.h>
#include <sys/time.h>
#include <sys/param.h>
#include <netdb.h>
#include <dlfcn.h>
#include <arpa/inet.h>
#include <poll.h>
#include <sys/socket.h>
#include <sys/random.h>
#include <sys/un.h>
#include <sys/epoll.h>
#include <sys/eventfd.h>
#include <sys/ioctl.h>
#include <sys/mman.h>
#include <sys/queue.h>
#include <sys/select.h>
#include <sys/sendfile.h>
#include <sys/uio.h>
#include <sys/wait.h>
#include <sys/resource.h>
#include <sys/timerfd.h>
#include <netinet/in.h>
#include <netinet/tcp.h>
#include <ifaddrs.h>
#include <stdio.h>

int main(int argc, char** argv)
{
  (void)argv;
#ifndef arc4random_buf
  return ((int*)(&arc4random_buf))[argc];
#else
  (void)argc;
  return 0;
#endif
}

Determining if the arc4random_addrandom exist failed with the following output:
Change Dir: /home/zhongershun/db_impl_course/build/CMakeFiles/CMakeScratch/TryCompile-emi7q7

Run Build Command(s):/usr/bin/make -f Makefile cmTC_30624/fast && /usr/bin/make  -f CMakeFiles/cmTC_30624.dir/build.make CMakeFiles/cmTC_30624.dir/build
make[1]: Entering directory '/home/zhongershun/db_impl_course/build/CMakeFiles/CMakeScratch/TryCompile-emi7q7'
Building C object CMakeFiles/cmTC_30624.dir/CheckSymbolExists.c.o
/usr/bin/cc -D_GNU_SOURCE  -Wall -DCMAKE_EXPORT_COMPILE_COMMANDS=1  -O0 -g -DDEBUG  -Wall -Wextra -Wno-unused-parameter -Wstrict-aliasing -Wstrict-prototypes -fno-strict-aliasing -Wmissing-prototypes -Winit-self -Wmissing-field-initializers -Wdeclaration-after-statement -Waddress -Wnormalized=id -Woverride-init -Wlogical-op -Wwrite-strings  -o CMakeFiles/cmTC_30624.dir/CheckSymbolExists.c.o -c /home/zhongershun/db_impl_course/build/CMakeFiles/CMakeScratch/TryCompile-emi7q7/CheckSymbolExists.c
/home/zhongershun/db_impl_course/build/CMakeFiles/CMakeScratch/TryCompile-emi7q7/CheckSymbolExists.c: In function ‘main’:
/home/zhongershun/db_impl_course/build/CMakeFiles/CMakeScratch/TryCompile-emi7q7/CheckSymbolExists.c:45:19: error: ‘arc4random_addrandom’ undeclared (first use in this function)
   return ((int*)(&arc4random_addrandom))[argc];
                   ^~~~~~~~~~~~~~~~~~~~
/home/zhongershun/db_impl_course/build/CMakeFiles/CMakeScratch/TryCompile-emi7q7/CheckSymbolExists.c:45:19: note: each undeclared identifier is reported only once for each function it appears in
/home/zhongershun/db_impl_course/build/CMakeFiles/CMakeScratch/TryCompile-emi7q7/CheckSymbolExists.c:41:14: warning: parameter ‘argc’ set but not used [-Wunused-but-set-parameter]
 int main(int argc, char** argv)
              ^~~~
CMakeFiles/cmTC_30624.dir/build.make:77: recipe for target 'CMakeFiles/cmTC_30624.dir/CheckSymbolExists.c.o' failed
make[1]: *** [CMakeFiles/cmTC_30624.dir/CheckSymbolExists.c.o] Error 1
make[1]: Leaving directory '/home/zhongershun/db_impl_course/build/CMakeFiles/CMakeScratch/TryCompile-emi7q7'
Makefile:127: recipe for target 'cmTC_30624/fast' failed
make: *** [cmTC_30624/fast] Error 2


File CheckSymbolExists.c:
/* */
#include <fcntl.h>
#include <inttypes.h>
#include <memory.h>
#include <signal.h>
#include <stdarg.h>
#include <stddef.h>
#include <stdint.h>
#include <stdlib.h>
#include <string.h>
#include <errno.h>
#include <unistd.h>
#include <time.h>
#include <sys/types.h>
#include <sys/stat.h>
#include <sys/time.h>
#include <sys/param.h>
#include <netdb.h>
#include <dlfcn.h>
#include <arpa/inet.h>
#include <poll.h>
#include <sys/socket.h>
#include <sys/random.h>
#include <sys/un.h>
#include <sys/epoll.h>
#include <sys/eventfd.h>
#include <sys/ioctl.h>
#include <sys/mman.h>
#include <sys/queue.h>
#include <sys/select.h>
#include <sys/sendfile.h>
#include <sys/uio.h>
#include <sys/wait.h>
#include <sys/resource.h>
#include <sys/timerfd.h>
#include <netinet/in.h>
#include <netinet/tcp.h>
#include <ifaddrs.h>
#include <stdio.h>

int main(int argc, char** argv)
{
  (void)argv;
#ifndef arc4random_addrandom
  return ((int*)(&arc4random_addrandom))[argc];
#else
  (void)argc;
  return 0;
#endif
}

Determining if the issetugid exist failed with the following output:
Change Dir: /home/zhongershun/db_impl_course/build/CMakeFiles/CMakeScratch/TryCompile-CCx3ws

Run Build Command(s):/usr/bin/make -f Makefile cmTC_c5012/fast && /usr/bin/make  -f CMakeFiles/cmTC_c5012.dir/build.make CMakeFiles/cmTC_c5012.dir/build
make[1]: Entering directory '/home/zhongershun/db_impl_course/build/CMakeFiles/CMakeScratch/TryCompile-CCx3ws'
Building C object CMakeFiles/cmTC_c5012.dir/CheckSymbolExists.c.o
/usr/bin/cc -D_GNU_SOURCE  -Wall -DCMAKE_EXPORT_COMPILE_COMMANDS=1  -O0 -g -DDEBUG  -Wall -Wextra -Wno-unused-parameter -Wstrict-aliasing -Wstrict-prototypes -fno-strict-aliasing -Wmissing-prototypes -Winit-self -Wmissing-field-initializers -Wdeclaration-after-statement -Waddress -Wnormalized=id -Woverride-init -Wlogical-op -Wwrite-strings  -o CMakeFiles/cmTC_c5012.dir/CheckSymbolExists.c.o -c /home/zhongershun/db_impl_course/build/CMakeFiles/CMakeScratch/TryCompile-CCx3ws/CheckSymbolExists.c
/home/zhongershun/db_impl_course/build/CMakeFiles/CMakeScratch/TryCompile-CCx3ws/CheckSymbolExists.c: In function ‘main’:
/home/zhongershun/db_impl_course/build/CMakeFiles/CMakeScratch/TryCompile-CCx3ws/CheckSymbolExists.c:45:19: error: ‘issetugid’ undeclared (first use in this function); did you mean ‘setegid’?
   return ((int*)(&issetugid))[argc];
                   ^~~~~~~~~
                   setegid
/home/zhongershun/db_impl_course/build/CMakeFiles/CMakeScratch/TryCompile-CCx3ws/CheckSymbolExists.c:45:19: note: each undeclared identifier is reported only once for each function it appears in
/home/zhongershun/db_impl_course/build/CMakeFiles/CMakeScratch/TryCompile-CCx3ws/CheckSymbolExists.c:41:14: warning: parameter ‘argc’ set but not used [-Wunused-but-set-parameter]
 int main(int argc, char** argv)
              ^~~~
CMakeFiles/cmTC_c5012.dir/build.make:77: recipe for target 'CMakeFiles/cmTC_c5012.dir/CheckSymbolExists.c.o' failed
make[1]: *** [CMakeFiles/cmTC_c5012.dir/CheckSymbolExists.c.o] Error 1
make[1]: Leaving directory '/home/zhongershun/db_impl_course/build/CMakeFiles/CMakeScratch/TryCompile-CCx3ws'
Makefile:127: recipe for target 'cmTC_c5012/fast' failed
make: *** [cmTC_c5012/fast] Error 2


File CheckSymbolExists.c:
/* */
#include <fcntl.h>
#include <inttypes.h>
#include <memory.h>
#include <signal.h>
#include <stdarg.h>
#include <stddef.h>
#include <stdint.h>
#include <stdlib.h>
#include <string.h>
#include <errno.h>
#include <unistd.h>
#include <time.h>
#include <sys/types.h>
#include <sys/stat.h>
#include <sys/time.h>
#include <sys/param.h>
#include <netdb.h>
#include <dlfcn.h>
#include <arpa/inet.h>
#include <poll.h>
#include <sys/socket.h>
#include <sys/random.h>
#include <sys/un.h>
#include <sys/epoll.h>
#include <sys/eventfd.h>
#include <sys/ioctl.h>
#include <sys/mman.h>
#include <sys/queue.h>
#include <sys/select.h>
#include <sys/sendfile.h>
#include <sys/uio.h>
#include <sys/wait.h>
#include <sys/resource.h>
#include <sys/timerfd.h>
#include <netinet/in.h>
#include <netinet/tcp.h>
#include <ifaddrs.h>
#include <stdio.h>

int main(int argc, char** argv)
{
  (void)argv;
#ifndef issetugid
  return ((int*)(&issetugid))[argc];
#else
  (void)argc;
  return 0;
#endif
}

Determining if the prototype gethostbyname_r exists for EVENT__HAVE_GETHOSTBYNAME_R_3_ARG failed with the following output:
Change Dir: /home/zhongershun/db_impl_course/build/CMakeFiles/CMakeTmp

Run Build Command(s):/usr/bin/make -f Makefile cmTC_140f9/fast && /usr/bin/make  -f CMakeFiles/cmTC_140f9.dir/build.make CMakeFiles/cmTC_140f9.dir/build
make[1]: Entering directory '/home/zhongershun/db_impl_course/build/CMakeFiles/CMakeTmp'
Building C object CMakeFiles/cmTC_140f9.dir/CheckPrototypeDefinition.c.o
/usr/bin/cc -D_GNU_SOURCE  -Wall -DCMAKE_EXPORT_COMPILE_COMMANDS=1  -O0 -g -DDEBUG  -Wall -Wextra -Wno-unused-parameter -Wstrict-aliasing -Wstrict-prototypes -fno-strict-aliasing -Wmissing-prototypes -Winit-self -Wmissing-field-initializers -Wdeclaration-after-statement -Waddress -Wnormalized=id -Woverride-init -Wlogical-op -Wwrite-strings  -o CMakeFiles/cmTC_140f9.dir/CheckPrototypeDefinition.c.o -c /home/zhongershun/db_impl_course/build/CMakeFiles/CMakeTmp/CheckPrototypeDefinition.c
/home/zhongershun/db_impl_course/build/CMakeFiles/CMakeTmp/CheckPrototypeDefinition.c:14:66: warning: ‘struct hostent_data’ declared inside parameter list will not be visible outside of this definition or declaration
 int gethostbyname_r(const char *name, struct hostent *hp, struct hostent_data *hdata) {
                                                                  ^~~~~~~~~~~~
/home/zhongershun/db_impl_course/build/CMakeFiles/CMakeTmp/CheckPrototypeDefinition.c:14:5: error: conflicting types for ‘gethostbyname_r’
 int gethostbyname_r(const char *name, struct hostent *hp, struct hostent_data *hdata) {
     ^~~~~~~~~~~~~~~
In file included from /home/zhongershun/db_impl_course/build/CMakeFiles/CMakeTmp/CheckPrototypeDefinition.c:1:0:
/usr/include/netdb.h:177:12: note: previous declaration of ‘gethostbyname_r’ was here
 extern int gethostbyname_r (const char *__restrict __name,
            ^~~~~~~~~~~~~~~
CMakeFiles/cmTC_140f9.dir/build.make:77: recipe for target 'CMakeFiles/cmTC_140f9.dir/CheckPrototypeDefinition.c.o' failed
make[1]: *** [CMakeFiles/cmTC_140f9.dir/CheckPrototypeDefinition.c.o] Error 1
make[1]: Leaving directory '/home/zhongershun/db_impl_course/build/CMakeFiles/CMakeTmp'
Makefile:127: recipe for target 'cmTC_140f9/fast' failed
make: *** [cmTC_140f9/fast] Error 2



#include <netdb.h>


static void cmakeRequireSymbol(int dummy, ...) {
  (void) dummy;
}

static void checkSymbol(void) {
#ifndef gethostbyname_r
  cmakeRequireSymbol(0, &gethostbyname_r);
#endif
}

int gethostbyname_r(const char *name, struct hostent *hp, struct hostent_data *hdata) {
  return 0;
}

#ifdef __CLASSIC_C__
int main() {
  int ac;
  char*av[];
#else
int main(int ac, char *av[]) {
#endif
  checkSymbol();
  if (ac > 1000) {
    return *av[0];
  }
  return 0;
}


Determining if the prototype gethostbyname_r exists for EVENT__HAVE_GETHOSTBYNAME_R_5_ARG failed with the following output:
Change Dir: /home/zhongershun/db_impl_course/build/CMakeFiles/CMakeTmp

Run Build Command(s):/usr/bin/make -f Makefile cmTC_ef47b/fast && /usr/bin/make  -f CMakeFiles/cmTC_ef47b.dir/build.make CMakeFiles/cmTC_ef47b.dir/build
make[1]: Entering directory '/home/zhongershun/db_impl_course/build/CMakeFiles/CMakeTmp'
Building C object CMakeFiles/cmTC_ef47b.dir/CheckPrototypeDefinition.c.o
/usr/bin/cc -D_GNU_SOURCE  -Wall -DCMAKE_EXPORT_COMPILE_COMMANDS=1  -O0 -g -DDEBUG  -Wall -Wextra -Wno-unused-parameter -Wstrict-aliasing -Wstrict-prototypes -fno-strict-aliasing -Wmissing-prototypes -Winit-self -Wmissing-field-initializers -Wdeclaration-after-statement -Waddress -Wnormalized=id -Woverride-init -Wlogical-op -Wwrite-strings  -o CMakeFiles/cmTC_ef47b.dir/CheckPrototypeDefinition.c.o -c /home/zhongershun/db_impl_course/build/CMakeFiles/CMakeTmp/CheckPrototypeDefinition.c
/home/zhongershun/db_impl_course/build/CMakeFiles/CMakeTmp/CheckPrototypeDefinition.c:14:17: error: conflicting types for ‘gethostbyname_r’
 struct hostent *gethostbyname_r(const char *name, struct hostent *hp, char *buf, size_t buflen, int *herr) {
                 ^~~~~~~~~~~~~~~
In file included from /home/zhongershun/db_impl_course/build/CMakeFiles/CMakeTmp/CheckPrototypeDefinition.c:1:0:
/usr/include/netdb.h:177:12: note: previous declaration of ‘gethostbyname_r’ was here
 extern int gethostbyname_r (const char *__restrict __name,
            ^~~~~~~~~~~~~~~
/home/zhongershun/db_impl_course/build/CMakeFiles/CMakeTmp/CheckPrototypeDefinition.c: In function ‘gethostbyname_r’:
/home/zhongershun/db_impl_course/build/CMakeFiles/CMakeTmp/CheckPrototypeDefinition.c:15:10: error: ‘NULL’ undeclared (first use in this function)
   return NULL;
          ^~~~
/home/zhongershun/db_impl_course/build/CMakeFiles/CMakeTmp/CheckPrototypeDefinition.c:15:10: note: each undeclared identifier is reported only once for each function it appears in
/home/zhongershun/db_impl_course/build/CMakeFiles/CMakeTmp/CheckPrototypeDefinition.c:16:1: warning: control reaches end of non-void function [-Wreturn-type]
 }
 ^
CMakeFiles/cmTC_ef47b.dir/build.make:77: recipe for target 'CMakeFiles/cmTC_ef47b.dir/CheckPrototypeDefinition.c.o' failed
make[1]: *** [CMakeFiles/cmTC_ef47b.dir/CheckPrototypeDefinition.c.o] Error 1
make[1]: Leaving directory '/home/zhongershun/db_impl_course/build/CMakeFiles/CMakeTmp'
Makefile:127: recipe for target 'cmTC_ef47b/fast' failed
make: *** [cmTC_ef47b/fast] Error 2



#include <netdb.h>


static void cmakeRequireSymbol(int dummy, ...) {
  (void) dummy;
}

static void checkSymbol(void) {
#ifndef gethostbyname_r
  cmakeRequireSymbol(0, &gethostbyname_r);
#endif
}

struct hostent *gethostbyname_r(const char *name, struct hostent *hp, char *buf, size_t buflen, int *herr) {
  return NULL;
}

#ifdef __CLASSIC_C__
int main() {
  int ac;
  char*av[];
#else
int main(int ac, char *av[]) {
#endif
  checkSymbol();
  if (ac > 1000) {
    return *av[0];
  }
  return 0;
}


Performing C SOURCE FILE Test EVENT__HAVE_DECL_KERN_ARND failed with the following output:
Change Dir: /home/zhongershun/db_impl_course/build/CMakeFiles/CMakeScratch/TryCompile-jJNorv

Run Build Command(s):/usr/bin/make -f Makefile cmTC_d1ac4/fast && /usr/bin/make  -f CMakeFiles/cmTC_d1ac4.dir/build.make CMakeFiles/cmTC_d1ac4.dir/build
make[1]: Entering directory '/home/zhongershun/db_impl_course/build/CMakeFiles/CMakeScratch/TryCompile-jJNorv'
Building C object CMakeFiles/cmTC_d1ac4.dir/src.c.o
/usr/bin/cc -DEVENT__HAVE_DECL_KERN_ARND -D_GNU_SOURCE  -Wall -DCMAKE_EXPORT_COMPILE_COMMANDS=1  -O0 -g -DDEBUG  -Wall -Wextra -Wno-unused-parameter -Wstrict-aliasing -Wstrict-prototypes -fno-strict-aliasing -Wmissing-prototypes -Winit-self -Wmissing-field-initializers -Wdeclaration-after-statement -Waddress -Wnormalized=id -Woverride-init -Wlogical-op -Wwrite-strings  -o CMakeFiles/cmTC_d1ac4.dir/src.c.o -c /home/zhongershun/db_impl_course/build/CMakeFiles/CMakeScratch/TryCompile-jJNorv/src.c
/home/zhongershun/db_impl_course/build/CMakeFiles/CMakeScratch/TryCompile-jJNorv/src.c:3:13: warning: function declaration isn’t a prototype [-Wstrict-prototypes]
         int main() { (void)KERN_ARND; return 0; }
             ^~~~
/home/zhongershun/db_impl_course/build/CMakeFiles/CMakeScratch/TryCompile-jJNorv/src.c: In function ‘main’:
/home/zhongershun/db_impl_course/build/CMakeFiles/CMakeScratch/TryCompile-jJNorv/src.c:3:28: error: ‘KERN_ARND’ undeclared (first use in this function); did you mean ‘KERN_ACCT’?
         int main() { (void)KERN_ARND; return 0; }
                            ^~~~~~~~~
                            KERN_ACCT
/home/zhongershun/db_impl_course/build/CMakeFiles/CMakeScratch/TryCompile-jJNorv/src.c:3:28: note: each undeclared identifier is reported only once for each function it appears in
CMakeFiles/cmTC_d1ac4.dir/build.make:77: recipe for target 'CMakeFiles/cmTC_d1ac4.dir/src.c.o' failed
make[1]: *** [CMakeFiles/cmTC_d1ac4.dir/src.c.o] Error 1
make[1]: Leaving directory '/home/zhongershun/db_impl_course/build/CMakeFiles/CMakeScratch/TryCompile-jJNorv'
Makefile:127: recipe for target 'cmTC_d1ac4/fast' failed
make: *** [cmTC_d1ac4/fast] Error 2


Source file was:

          #include <sys/sysctl.h>
        int main() { (void)KERN_ARND; return 0; }

Determining size of SSIZE_T failed with the following output:
Change Dir: /home/zhongershun/db_impl_course/build/CMakeFiles/CMakeScratch/TryCompile-Dpgqsq

Run Build Command(s):/usr/bin/make -f Makefile cmTC_54a07/fast && /usr/bin/make  -f CMakeFiles/cmTC_54a07.dir/build.make CMakeFiles/cmTC_54a07.dir/build
make[1]: Entering directory '/home/zhongershun/db_impl_course/build/CMakeFiles/CMakeScratch/TryCompile-Dpgqsq'
Building C object CMakeFiles/cmTC_54a07.dir/EVENT__SIZEOF_SSIZE_T_UPPER.c.o
/usr/bin/cc -D_GNU_SOURCE  -Wall -DCMAKE_EXPORT_COMPILE_COMMANDS=1  -O0 -g -DDEBUG  -Wall -Wextra -Wno-unused-parameter -Wstrict-aliasing -Wstrict-prototypes -fno-strict-aliasing -Wmissing-prototypes -Winit-self -Wmissing-field-initializers -Wdeclaration-after-statement -Waddress -Wnormalized=id -Woverride-init -Wlogical-op -Wwrite-strings  -o CMakeFiles/cmTC_54a07.dir/EVENT__SIZEOF_SSIZE_T_UPPER.c.o -c /home/zhongershun/db_impl_course/build/CMakeFiles/CMakeScratch/TryCompile-Dpgqsq/EVENT__SIZEOF_SSIZE_T_UPPER.c
/home/zhongershun/db_impl_course/build/CMakeFiles/CMakeScratch/TryCompile-Dpgqsq/EVENT__SIZEOF_SSIZE_T_UPPER.c:65:22: error: ‘SSIZE_T’ undeclared here (not in a function); did you mean ‘_SIZE_T’?
 #define SIZE (sizeof(SSIZE_T))
                      ^
/home/zhongershun/db_impl_course/build/CMakeFiles/CMakeScratch/TryCompile-Dpgqsq/EVENT__SIZEOF_SSIZE_T_UPPER.c:67:12: note: in expansion of macro ‘SIZE’
   ('0' + ((SIZE / 10000)%10)),
            ^~~~
CMakeFiles/cmTC_54a07.dir/build.make:77: recipe for target 'CMakeFiles/cmTC_54a07.dir/EVENT__SIZEOF_SSIZE_T_UPPER.c.o' failed
make[1]: *** [CMakeFiles/cmTC_54a07.dir/EVENT__SIZEOF_SSIZE_T_UPPER.c.o] Error 1
make[1]: Leaving directory '/home/zhongershun/db_impl_course/build/CMakeFiles/CMakeScratch/TryCompile-Dpgqsq'
Makefile:127: recipe for target 'cmTC_54a07/fast' failed
make: *** [cmTC_54a07/fast] Error 2


EVENT__SIZEOF_SSIZE_T_UPPER.c:
#include <sys/types.h>
#include <stdint.h>
#include <stddef.h>
#include "fcntl.h"
#include "inttypes.h"
#include "memory.h"
#include "signal.h"
#include "stdarg.h"
#include "stddef.h"
#include "stdint.h"
#include "stdlib.h"
#include "string.h"
#include "errno.h"
#include "unistd.h"
#include "time.h"
#include "sys/types.h"
#include "sys/stat.h"
#include "sys/time.h"
#include "sys/param.h"
#include "netdb.h"
#include "dlfcn.h"
#include "arpa/inet.h"
#include "poll.h"
#include "sys/socket.h"
#include "sys/random.h"
#include "sys/un.h"
#include "sys/epoll.h"
#include "sys/eventfd.h"
#include "sys/ioctl.h"
#include "sys/mman.h"
#include "sys/queue.h"
#include "sys/select.h"
#include "sys/sendfile.h"
#include "sys/uio.h"
#include "sys/wait.h"
#include "sys/resource.h"
#include "sys/timerfd.h"
#include "netinet/in.h"
#include "netinet/tcp.h"
#include "ifaddrs.h"
#include "stdio.h"


#undef KEY
#if defined(__i386)
# define KEY '_','_','i','3','8','6'
#elif defined(__x86_64)
# define KEY '_','_','x','8','6','_','6','4'
#elif defined(__PPC64__)
# define KEY '_','_','P','P','C','6','4','_','_'
#elif defined(__ppc64__)
# define KEY '_','_','p','p','c','6','4','_','_'
#elif defined(__PPC__)
# define KEY '_','_','P','P','C','_','_'
#elif defined(__ppc__)
# define KEY '_','_','p','p','c','_','_'
#elif defined(__aarch64__)
# define KEY '_','_','a','a','r','c','h','6','4','_','_'
#elif defined(__ARM_ARCH_7A__)
# define KEY '_','_','A','R','M','_','A','R','C','H','_','7','A','_','_'
#elif defined(__ARM_ARCH_7S__)
# define KEY '_','_','A','R','M','_','A','R','C','H','_','7','S','_','_'
#endif

#define SIZE (sizeof(SSIZE_T))
static char info_size[] =  {'I', 'N', 'F', 'O', ':', 's','i','z','e','[',
  ('0' + ((SIZE / 10000)%10)),
  ('0' + ((SIZE / 1000)%10)),
  ('0' + ((SIZE / 100)%10)),
  ('0' + ((SIZE / 10)%10)),
  ('0' +  (SIZE    % 10)),
  ']',
#ifdef KEY
  ' ','k','e','y','[', KEY, ']',
#endif
  '\0'};

#ifdef __CLASSIC_C__
int main(argc, argv) int argc; char *argv[];
#else
int main(int argc, char *argv[])
#endif
{
  int require = 0;
  require += info_size[argc];
  (void)argv;
  return require;
}


Performing C SOURCE FILE Test EVENT__HAVE_STRUCT_SOCKADDR_IN6_SIN6_LEN failed with the following output:
Change Dir: /home/zhongershun/db_impl_course/build/CMakeFiles/CMakeScratch/TryCompile-2JRvTl

Run Build Command(s):/usr/bin/make -f Makefile cmTC_5e842/fast && /usr/bin/make  -f CMakeFiles/cmTC_5e842.dir/build.make CMakeFiles/cmTC_5e842.dir/build
make[1]: Entering directory '/home/zhongershun/db_impl_course/build/CMakeFiles/CMakeScratch/TryCompile-2JRvTl'
Building C object CMakeFiles/cmTC_5e842.dir/src.c.o
/usr/bin/cc -DEVENT__HAVE_STRUCT_SOCKADDR_IN6_SIN6_LEN -D_GNU_SOURCE  -Wall -DCMAKE_EXPORT_COMPILE_COMMANDS=1  -O0 -g -DDEBUG  -Wall -Wextra -Wno-unused-parameter -Wstrict-aliasing -Wstrict-prototypes -fno-strict-aliasing -Wmissing-prototypes -Winit-self -Wmissing-field-initializers -Wdeclaration-after-statement -Waddress -Wnormalized=id -Woverride-init -Wlogical-op -Wwrite-strings  -o CMakeFiles/cmTC_5e842.dir/src.c.o -c /home/zhongershun/db_impl_course/build/CMakeFiles/CMakeScratch/TryCompile-2JRvTl/src.c
/home/zhongershun/db_impl_course/build/CMakeFiles/CMakeScratch/TryCompile-2JRvTl/src.c:6:5: warning: function declaration isn’t a prototype [-Wstrict-prototypes]
 int main()
     ^~~~
/home/zhongershun/db_impl_course/build/CMakeFiles/CMakeScratch/TryCompile-2JRvTl/src.c: In function ‘main’:
/home/zhongershun/db_impl_course/build/CMakeFiles/CMakeScratch/TryCompile-2JRvTl/src.c:8:44: error: ‘struct sockaddr_in6’ has no member named ‘sin6_len’; did you mean ‘sin6_port’?
   (void)sizeof(((struct sockaddr_in6 *)0)->sin6_len);
                                            ^~~~~~~~
                                            sin6_port
CMakeFiles/cmTC_5e842.dir/build.make:77: recipe for target 'CMakeFiles/cmTC_5e842.dir/src.c.o' failed
make[1]: *** [CMakeFiles/cmTC_5e842.dir/src.c.o] Error 1
make[1]: Leaving directory '/home/zhongershun/db_impl_course/build/CMakeFiles/CMakeScratch/TryCompile-2JRvTl'
Makefile:127: recipe for target 'cmTC_5e842/fast' failed
make: *** [cmTC_5e842/fast] Error 2


Source file was:

#include <netinet/in.h>
#include <sys/socket.h>
#include <netdb.h>

int main()
{
  (void)sizeof(((struct sockaddr_in6 *)0)->sin6_len);
  return 0;
}


Performing C SOURCE FILE Test EVENT__HAVE_STRUCT_SOCKADDR_IN_SIN_LEN failed with the following output:
Change Dir: /home/zhongershun/db_impl_course/build/CMakeFiles/CMakeScratch/TryCompile-bcIGbU

Run Build Command(s):/usr/bin/make -f Makefile cmTC_e65da/fast && /usr/bin/make  -f CMakeFiles/cmTC_e65da.dir/build.make CMakeFiles/cmTC_e65da.dir/build
make[1]: Entering directory '/home/zhongershun/db_impl_course/build/CMakeFiles/CMakeScratch/TryCompile-bcIGbU'
Building C object CMakeFiles/cmTC_e65da.dir/src.c.o
/usr/bin/cc -DEVENT__HAVE_STRUCT_SOCKADDR_IN_SIN_LEN -D_GNU_SOURCE  -Wall -DCMAKE_EXPORT_COMPILE_COMMANDS=1  -O0 -g -DDEBUG  -Wall -Wextra -Wno-unused-parameter -Wstrict-aliasing -Wstrict-prototypes -fno-strict-aliasing -Wmissing-prototypes -Winit-self -Wmissing-field-initializers -Wdeclaration-after-statement -Waddress -Wnormalized=id -Woverride-init -Wlogical-op -Wwrite-strings  -o CMakeFiles/cmTC_e65da.dir/src.c.o -c /home/zhongershun/db_impl_course/build/CMakeFiles/CMakeScratch/TryCompile-bcIGbU/src.c
/home/zhongershun/db_impl_course/build/CMakeFiles/CMakeScratch/TryCompile-bcIGbU/src.c:6:5: warning: function declaration isn’t a prototype [-Wstrict-prototypes]
 int main()
     ^~~~
/home/zhongershun/db_impl_course/build/CMakeFiles/CMakeScratch/TryCompile-bcIGbU/src.c: In function ‘main’:
/home/zhongershun/db_impl_course/build/CMakeFiles/CMakeScratch/TryCompile-bcIGbU/src.c:8:42: error: ‘struct sockaddr_in6’ has no member named ‘sin_len’
   (void)sizeof(((struct sockaddr_in6 *)0)->sin_len);
                                          ^~
CMakeFiles/cmTC_e65da.dir/build.make:77: recipe for target 'CMakeFiles/cmTC_e65da.dir/src.c.o' failed
make[1]: *** [CMakeFiles/cmTC_e65da.dir/src.c.o] Error 1
make[1]: Leaving directory '/home/zhongershun/db_impl_course/build/CMakeFiles/CMakeScratch/TryCompile-bcIGbU'
Makefile:127: recipe for target 'cmTC_e65da/fast' failed
make: *** [cmTC_e65da/fast] Error 2


Source file was:

#include <netinet/in.h>
#include <sys/socket.h>
#include <netdb.h>

int main()
{
  (void)sizeof(((struct sockaddr_in6 *)0)->sin_len);
  return 0;
}


Performing C SOURCE FILE Test EVENT__HAVE_STRUCT_SOCKADDR_STORAGE___SS_FAMILY failed with the following output:
Change Dir: /home/zhongershun/db_impl_course/build/CMakeFiles/CMakeScratch/TryCompile-HUU7rC

Run Build Command(s):/usr/bin/make -f Makefile cmTC_d0b3b/fast && /usr/bin/make  -f CMakeFiles/cmTC_d0b3b.dir/build.make CMakeFiles/cmTC_d0b3b.dir/build
make[1]: Entering directory '/home/zhongershun/db_impl_course/build/CMakeFiles/CMakeScratch/TryCompile-HUU7rC'
Building C object CMakeFiles/cmTC_d0b3b.dir/src.c.o
/usr/bin/cc -DEVENT__HAVE_STRUCT_SOCKADDR_STORAGE___SS_FAMILY -D_GNU_SOURCE  -Wall -DCMAKE_EXPORT_COMPILE_COMMANDS=1  -O0 -g -DDEBUG  -Wall -Wextra -Wno-unused-parameter -Wstrict-aliasing -Wstrict-prototypes -fno-strict-aliasing -Wmissing-prototypes -Winit-self -Wmissing-field-initializers -Wdeclaration-after-statement -Waddress -Wnormalized=id -Woverride-init -Wlogical-op -Wwrite-strings  -o CMakeFiles/cmTC_d0b3b.dir/src.c.o -c /home/zhongershun/db_impl_course/build/CMakeFiles/CMakeScratch/TryCompile-HUU7rC/src.c
/home/zhongershun/db_impl_course/build/CMakeFiles/CMakeScratch/TryCompile-HUU7rC/src.c:6:5: warning: function declaration isn’t a prototype [-Wstrict-prototypes]
 int main()
     ^~~~
/home/zhongershun/db_impl_course/build/CMakeFiles/CMakeScratch/TryCompile-HUU7rC/src.c: In function ‘main’:
/home/zhongershun/db_impl_course/build/CMakeFiles/CMakeScratch/TryCompile-HUU7rC/src.c:8:48: error: ‘struct sockaddr_storage’ has no member named ‘__ss_family’; did you mean ‘ss_family’?
   (void)sizeof(((struct sockaddr_storage *)0)->__ss_family);
                                                ^~~~~~~~~~~
                                                ss_family
CMakeFiles/cmTC_d0b3b.dir/build.make:77: recipe for target 'CMakeFiles/cmTC_d0b3b.dir/src.c.o' failed
make[1]: *** [CMakeFiles/cmTC_d0b3b.dir/src.c.o] Error 1
make[1]: Leaving directory '/home/zhongershun/db_impl_course/build/CMakeFiles/CMakeScratch/TryCompile-HUU7rC'
Makefile:127: recipe for target 'cmTC_d0b3b/fast' failed
make: *** [cmTC_d0b3b/fast] Error 2


Source file was:

#include <netinet/in.h>
#include <sys/socket.h>
#include <netdb.h>

int main()
{
  (void)sizeof(((struct sockaddr_storage *)0)->__ss_family);
  return 0;
}


Performing C SOURCE FILE Test CMAKE_HAVE_LIBC_PTHREAD failed with the following output:
Change Dir: /home/zhongershun/db_impl_course/build/CMakeFiles/CMakeScratch/TryCompile-UBHgtO

Run Build Command(s):/usr/bin/make -f Makefile cmTC_3a4da/fast && /usr/bin/make  -f CMakeFiles/cmTC_3a4da.dir/build.make CMakeFiles/cmTC_3a4da.dir/build
make[1]: Entering directory '/home/zhongershun/db_impl_course/build/CMakeFiles/CMakeScratch/TryCompile-UBHgtO'
Building C object CMakeFiles/cmTC_3a4da.dir/src.c.o
/usr/bin/cc -DCMAKE_HAVE_LIBC_PTHREAD -D_GNU_SOURCE  -Wall -DCMAKE_EXPORT_COMPILE_COMMANDS=1  -O0 -g -DDEBUG  -Wall -Wextra -Wno-unused-parameter -Wstrict-aliasing -Wstrict-prototypes -fno-strict-aliasing -Wmissing-prototypes -Winit-self -Wmissing-field-initializers -Wdeclaration-after-statement -Waddress -Wnormalized=id -Woverride-init -Wlogical-op -Wwrite-strings  -o CMakeFiles/cmTC_3a4da.dir/src.c.o -c /home/zhongershun/db_impl_course/build/CMakeFiles/CMakeScratch/TryCompile-UBHgtO/src.c
Linking C executable cmTC_3a4da
/usr/bin/cmake -E cmake_link_script CMakeFiles/cmTC_3a4da.dir/link.txt --verbose=1
/usr/bin/cc  -Wall -DCMAKE_EXPORT_COMPILE_COMMANDS=1  -O0 -g -DDEBUG  -Wall -Wextra -Wno-unused-parameter -Wstrict-aliasing -Wstrict-prototypes -fno-strict-aliasing -Wmissing-prototypes -Winit-self -Wmissing-field-initializers -Wdeclaration-after-statement -Waddress -Wnormalized=id -Woverride-init -Wlogical-op -Wwrite-strings  -rdynamic CMakeFiles/cmTC_3a4da.dir/src.c.o -o cmTC_3a4da 
CMakeFiles/cmTC_3a4da.dir/src.c.o: In function `main':
/home/zhongershun/db_impl_course/build/CMakeFiles/CMakeScratch/TryCompile-UBHgtO/src.c:11: undefined reference to `pthread_create'
/home/zhongershun/db_impl_course/build/CMakeFiles/CMakeScratch/TryCompile-UBHgtO/src.c:12: undefined reference to `pthread_detach'
/home/zhongershun/db_impl_course/build/CMakeFiles/CMakeScratch/TryCompile-UBHgtO/src.c:13: undefined reference to `pthread_cancel'
/home/zhongershun/db_impl_course/build/CMakeFiles/CMakeScratch/TryCompile-UBHgtO/src.c:14: undefined reference to `pthread_join'
/home/zhongershun/db_impl_course/build/CMakeFiles/CMakeScratch/TryCompile-UBHgtO/src.c:15: undefined reference to `pthread_atfork'
collect2: error: ld returned 1 exit status
CMakeFiles/cmTC_3a4da.dir/build.make:98: recipe for target 'cmTC_3a4da' failed
make[1]: *** [cmTC_3a4da] Error 1
make[1]: Leaving directory '/home/zhongershun/db_impl_course/build/CMakeFiles/CMakeScratch/TryCompile-UBHgtO'
Makefile:127: recipe for target 'cmTC_3a4da/fast' failed
make: *** [cmTC_3a4da/fast] Error 2


Source file was:
#include <pthread.h>

static void* test_func(void* data)
{
  return data;
}

int main(void)
{
  pthread_t thread;
  pthread_create(&thread, NULL, test_func, NULL);
  pthread_detach(thread);
  pthread_cancel(thread);
  pthread_join(thread, NULL);
  pthread_atfork(NULL, NULL, NULL);
  pthread_exit(NULL);

  return 0;
}


Determining if the function pthread_create exists in the pthreads failed with the following output:
Change Dir: /home/zhongershun/db_impl_course/build/CMakeFiles/CMakeScratch/TryCompile-Pkg2Vq

Run Build Command(s):/usr/bin/make -f Makefile cmTC_7379c/fast && /usr/bin/make  -f CMakeFiles/cmTC_7379c.dir/build.make CMakeFiles/cmTC_7379c.dir/build
make[1]: Entering directory '/home/zhongershun/db_impl_course/build/CMakeFiles/CMakeScratch/TryCompile-Pkg2Vq'
Building C object CMakeFiles/cmTC_7379c.dir/CheckFunctionExists.c.o
/usr/bin/cc -D_GNU_SOURCE  -Wall -DCMAKE_EXPORT_COMPILE_COMMANDS=1  -O0 -g -DDEBUG  -Wall -Wextra -Wno-unused-parameter -Wstrict-aliasing -Wstrict-prototypes -fno-strict-aliasing -Wmissing-prototypes -Winit-self -Wmissing-field-initializers -Wdeclaration-after-statement -Waddress -Wnormalized=id -Woverride-init -Wlogical-op -Wwrite-strings -DCHECK_FUNCTION_EXISTS=pthread_create -o CMakeFiles/cmTC_7379c.dir/CheckFunctionExists.c.o -c /home/zhongershun/db_impl_course/build/CMakeFiles/CMakeScratch/TryCompile-Pkg2Vq/CheckFunctionExists.c
Linking C executable cmTC_7379c
/usr/bin/cmake -E cmake_link_script CMakeFiles/cmTC_7379c.dir/link.txt --verbose=1
/usr/bin/cc  -Wall -DCMAKE_EXPORT_COMPILE_COMMANDS=1  -O0 -g -DDEBUG  -Wall -Wextra -Wno-unused-parameter -Wstrict-aliasing -Wstrict-prototypes -fno-strict-aliasing -Wmissing-prototypes -Winit-self -Wmissing-field-initializers -Wdeclaration-after-statement -Waddress -Wnormalized=id -Woverride-init -Wlogical-op -Wwrite-strings -DCHECK_FUNCTION_EXISTS=pthread_create -rdynamic CMakeFiles/cmTC_7379c.dir/CheckFunctionExists.c.o -o cmTC_7379c  -lpthreads 
/usr/bin/ld: cannot find -lpthreads
collect2: error: ld returned 1 exit status
CMakeFiles/cmTC_7379c.dir/build.make:98: recipe for target 'cmTC_7379c' failed
make[1]: *** [cmTC_7379c] Error 1
make[1]: Leaving directory '/home/zhongershun/db_impl_course/build/CMakeFiles/CMakeScratch/TryCompile-Pkg2Vq'
Makefile:127: recipe for target 'cmTC_7379c/fast' failed
make: *** [cmTC_7379c/fast] Error 2



